Translate from input sentence
Loading model from UBC-NLP/turjuman
Using greedy search
Translate from input sentence
Loading model from UBC-NLP/turjuman
Using beam search
Translate from input sentence
Loading model from UBC-NLP/turjuman
Using sampling search
Translate from input sentence
Loading model from UBC-NLP/turjuman
Using sampling search
Translate from input sentence
Loading model from UBC-NLP/turjuman
Using sampling search
Translate from input sentence
Loading model from UBC-NLP/turjuman
Using sampling search
Translate from input sentence
Loading model from UBC-NLP/turjuman
Using sampling search
Translate from input sentence
Loading model from UBC-NLP/turjuman
Using sampling search
Translate from input sentence
Loading model from UBC-NLP/turjuman
Using sampling search
Translate from input sentence
Loading model from UBC-NLP/turjuman
Using greedy search
Translate from input sentence
Loading model from UBC-NLP/turjuman
Using greedy search
Translate from input sentence
Loading model from UBC-NLP/turjuman
Using beam search
Translate from input sentence
Loading model from UBC-NLP/turjuman
Using beam search
Translate from input sentence
Loading model from UBC-NLP/turjuman
Using sampling search
Translate from input sentence
Loading model from UBC-NLP/turjuman
Using sampling search
